<?xml version="1.0" encoding="UTF-8"?>
<!-- Generated by org.testng.reporters.JUnitXMLReporter -->
<testsuite hostname="rpr-MOBL" name="Test" tests="6" failures="0" timestamp="24 Jan 2016 05:34:21 GMT" time="99.26" errors="0">
  <testcase name="invalidLogin" time="1.924" classname="TestScripts.Login"/>
  <testcase name="invalidLogin" time="1.551" classname="TestScripts.Login"/>
  <testcase name="invalidLogin" time="1.539" classname="TestScripts.Login"/>
  <testcase name="invalidLogin" time="2.157" classname="TestScripts.Login"/>
  <testcase name="invalidLogin" time="2.493" classname="TestScripts.Login"/>
  <testcase name="invalidLogin" time="2.165" classname="TestScripts.Login"/>
</testsuite> <!-- Test -->
