<?xml version="1.0" encoding="UTF-8"?>
<!-- Generated by org.testng.reporters.JUnitXMLReporter -->
<testsuite hostname="charvi-PC" name="Test" tests="6" failures="0" timestamp="24 Jan 2016 11:38:08 GMT" time="155.665" errors="0">
  <testcase name="invalidLogin" time="4.007" classname="TestScripts.Login"/>
  <testcase name="invalidLogin" time="3.421" classname="TestScripts.Login"/>
  <testcase name="invalidLogin" time="3.329" classname="TestScripts.Login"/>
  <testcase name="invalidLogin" time="60.61" classname="TestScripts.Login"/>
  <testcase name="invalidLogin" time="3.717" classname="TestScripts.Login"/>
  <testcase name="invalidLogin" time="3.197" classname="TestScripts.Login"/>
</testsuite> <!-- Test -->
